<?xml version="1.0" encoding="UTF-8"?>
<!-- Generated by org.testng.reporters.JUnitReportReporter -->
<testsuite hostname="chiranjeebs-MacBook-Air.local" failures="0" tests="1" name="OrangeHRM" time="13.569" errors="0" timestamp="03 Jan 2022 12:44:51 GMT" skipped="0">
  <testcase classname="OrangeHRM" name="Test1" time="13.569"/>
</testsuite> <!-- OrangeHRM -->
